<?xml version="1.0" encoding="UTF-8"?>
<!-- Generated by org.testng.reporters.JUnitReportReporter -->
<testsuite skipped="0" hostname="LAPTOP-479EG14C" name="com.cg.demo.testcase.LoginTest" tests="1" failures="0" timestamp="04 Aug 2019 20:56:30 GMT" time="6.078" errors="0">
  <testcase name="login" time="6.078" classname="com.cg.demo.testcase.LoginTest"/>
</testsuite> <!-- com.cg.demo.testcase.LoginTest -->
